<?xml version="1.0" encoding="UTF-8"?>
<!-- Generated by org.testng.reporters.JUnitXMLReporter -->
<testsuite hostname="RAMDSING-PZK6N" ignored="0" name="Home page information test" tests="3" failures="1" timestamp="2021-08-11T15:40:12 IST" time="24.318" errors="0">
  <testcase name="loginToApplication" time="12.074" classname="framework.basic.automation.HomePageInfoTest"/>
  <testcase name="validateUserName" time="0.109" classname="framework.basic.automation.HomePageInfoTest"/>
  <testcase name="noRacism" time="0.19" classname="framework.basic.automation.HomePageInfoTest">
    <failure type="java.lang.AssertionError" message="expected [true] but found [false]">
      <![CDATA[java.lang.AssertionError: expected [true] but found [false]
at framework.basic.automation.HomePageInfoTest.noRacism(HomePageInfoTest.java:71)
at java.util.ArrayList.forEach(ArrayList.java:1259)
at java.util.concurrent.FutureTask.run(FutureTask.java:266)
at java.util.concurrent.ThreadPoolExecutor.runWorker(ThreadPoolExecutor.java:1149)
at java.util.concurrent.ThreadPoolExecutor$Worker.run(ThreadPoolExecutor.java:624)
at java.lang.Thread.run(Thread.java:748)
... Removed 22 stack frames]]>
    </failure>
  </testcase> <!-- noRacism -->
</testsuite> <!-- Home page information test -->
