<?xml version="1.0" encoding="UTF-8"?>
<testng-results skipped="0" failed="2" ignored="0" total="8" passed="6">
  <reporter-output>
  </reporter-output>
  <suite name="Suite" duration-ms="38021" started-at="2021-08-11T15:39:48 IST" finished-at="2021-08-11T15:40:26 IST">
    <groups>
    </groups>
    <test name="Home page information test" duration-ms="24318" started-at="2021-08-11T15:39:48 IST" finished-at="2021-08-11T15:40:12 IST">
      <class name="framework.basic.automation.HomePageInfoTest">
        <test-method status="PASS" signature="openApplication()[pri:0, instance:framework.basic.automation.HomePageInfoTest@71687585]" name="openApplication" is-config="true" duration-ms="9810" started-at="2021-08-11T15:39:48 IST" finished-at="2021-08-11T15:39:58 IST">
          <reporter-output>
          </reporter-output>
        </test-method> <!-- openApplication -->
        <test-method status="PASS" signature="loginToApplication(java.util.Map)[pri:0, instance:framework.basic.automation.HomePageInfoTest@71687585]" name="loginToApplication" duration-ms="12074" started-at="2021-08-11T15:39:58 IST" data-provider="userInfo" finished-at="2021-08-11T15:40:10 IST">
          <params>
            <param index="0">
              <value>
                <![CDATA[{Usertype=premium, User=Retrix, Username=retrixsingh01@gmail.com, Password=UmV0cml4MTIzIw}]]>
              </value>
            </param>
          </params>
          <reporter-output>
          </reporter-output>
        </test-method> <!-- loginToApplication -->
        <test-method status="PASS" signature="validateUserName(java.util.Map)[pri:0, instance:framework.basic.automation.HomePageInfoTest@71687585]" name="validateUserName" duration-ms="109" started-at="2021-08-11T15:40:10 IST" data-provider="userInfo" depends-on-methods="framework.basic.automation.HomePageInfoTest.loginToApplication" finished-at="2021-08-11T15:40:10 IST">
          <params>
            <param index="0">
              <value>
                <![CDATA[{Usertype=premium, User=Retrix, Username=retrixsingh01@gmail.com, Password=UmV0cml4MTIzIw}]]>
              </value>
            </param>
          </params>
          <reporter-output>
          </reporter-output>
        </test-method> <!-- validateUserName -->
        <test-method status="FAIL" signature="noRacism()[pri:0, instance:framework.basic.automation.HomePageInfoTest@71687585]" name="noRacism" duration-ms="190" started-at="2021-08-11T15:40:10 IST" depends-on-methods="framework.basic.automation.HomePageInfoTest.validateUserName" finished-at="2021-08-11T15:40:10 IST">
          <exception class="java.lang.AssertionError">
            <message>
              <![CDATA[expected [true] but found [false]]]>
            </message>
            <full-stacktrace>
              <![CDATA[java.lang.AssertionError: expected [true] but found [false]
at org.testng.Assert.fail(Assert.java:99)
at org.testng.Assert.failNotEquals(Assert.java:1037)
at org.testng.Assert.assertTrue(Assert.java:45)
at org.testng.Assert.assertTrue(Assert.java:55)
at framework.basic.automation.HomePageInfoTest.noRacism(HomePageInfoTest.java:71)
at sun.reflect.NativeMethodAccessorImpl.invoke0(Native Method)
at sun.reflect.NativeMethodAccessorImpl.invoke(NativeMethodAccessorImpl.java:62)
at sun.reflect.DelegatingMethodAccessorImpl.invoke(DelegatingMethodAccessorImpl.java:43)
at java.lang.reflect.Method.invoke(Method.java:498)
at org.testng.internal.MethodInvocationHelper.invokeMethod(MethodInvocationHelper.java:133)
at org.testng.internal.TestInvoker.invokeMethod(TestInvoker.java:598)
at org.testng.internal.TestInvoker.invokeTestMethod(TestInvoker.java:173)
at org.testng.internal.MethodRunner.runInSequence(MethodRunner.java:46)
at org.testng.internal.TestInvoker$MethodInvocationAgent.invoke(TestInvoker.java:824)
at org.testng.internal.TestInvoker.invokeTestMethods(TestInvoker.java:146)
at org.testng.internal.TestMethodWorker.invokeTestMethods(TestMethodWorker.java:146)
at org.testng.internal.TestMethodWorker.run(TestMethodWorker.java:128)
at java.util.ArrayList.forEach(ArrayList.java:1259)
at org.testng.TestRunner.privateRun(TestRunner.java:794)
at org.testng.TestRunner.run(TestRunner.java:596)
at org.testng.SuiteRunner.runTest(SuiteRunner.java:377)
at org.testng.SuiteRunner.access$000(SuiteRunner.java:28)
at org.testng.SuiteRunner$SuiteWorker.run(SuiteRunner.java:418)
at org.testng.internal.thread.ThreadUtil.lambda$execute$0(ThreadUtil.java:64)
at java.util.concurrent.FutureTask.run(FutureTask.java:266)
at java.util.concurrent.ThreadPoolExecutor.runWorker(ThreadPoolExecutor.java:1149)
at java.util.concurrent.ThreadPoolExecutor$Worker.run(ThreadPoolExecutor.java:624)
at java.lang.Thread.run(Thread.java:748)
]]>
            </full-stacktrace>
          </exception> <!-- java.lang.AssertionError -->
          <reporter-output>
          </reporter-output>
        </test-method> <!-- noRacism -->
        <test-method status="PASS" signature="killBrowser()[pri:0, instance:framework.basic.automation.HomePageInfoTest@71687585]" name="killBrowser" is-config="true" duration-ms="981" started-at="2021-08-11T15:40:11 IST" finished-at="2021-08-11T15:40:12 IST">
          <reporter-output>
          </reporter-output>
        </test-method> <!-- killBrowser -->
      </class> <!-- framework.basic.automation.HomePageInfoTest -->
    </test> <!-- Home page information test -->
    <test name="Credential test" duration-ms="38021" started-at="2021-08-11T15:39:48 IST" finished-at="2021-08-11T15:40:26 IST">
      <class name="framework.basic.automation.CredentialsTest">
        <test-method status="PASS" signature="openApplication()[pri:0, instance:framework.basic.automation.CredentialsTest@17bffc17]" name="openApplication" is-config="true" duration-ms="8969" started-at="2021-08-11T15:39:49 IST" finished-at="2021-08-11T15:39:57 IST">
          <reporter-output>
          </reporter-output>
        </test-method> <!-- openApplication -->
        <test-method status="PASS" signature="credentialsValidation(java.util.Map)[pri:0, instance:framework.basic.automation.CredentialsTest@17bffc17]" name="credentialsValidation" duration-ms="11599" started-at="2021-08-11T15:39:57 IST" data-provider="userCredentials" finished-at="2021-08-11T15:40:09 IST">
          <params>
            <param index="0">
              <value>
                <![CDATA[{Usertype=premium, User=Retrix, Username=retrixsingh01@gmail.com, Password=UmV0cml4MTIzIw}]]>
              </value>
            </param>
          </params>
          <reporter-output>
          </reporter-output>
        </test-method> <!-- credentialsValidation -->
        <test-method status="PASS" signature="killBrowser()[pri:0, instance:framework.basic.automation.CredentialsTest@17bffc17]" name="killBrowser" is-config="true" duration-ms="1557" started-at="2021-08-11T15:40:09 IST" finished-at="2021-08-11T15:40:11 IST">
          <reporter-output>
          </reporter-output>
        </test-method> <!-- killBrowser -->
        <test-method status="PASS" signature="openApplication()[pri:0, instance:framework.basic.automation.CredentialsTest@17bffc17]" name="openApplication" is-config="true" duration-ms="6483" started-at="2021-08-11T15:40:11 IST" finished-at="2021-08-11T15:40:17 IST">
          <reporter-output>
          </reporter-output>
        </test-method> <!-- openApplication -->
        <test-method status="PASS" signature="credentialsValidation(java.util.Map)[pri:0, instance:framework.basic.automation.CredentialsTest@17bffc17]" name="credentialsValidation" duration-ms="8146" started-at="2021-08-11T15:40:17 IST" data-provider="userCredentials" finished-at="2021-08-11T15:40:25 IST">
          <params>
            <param index="0">
              <value>
                <![CDATA[{Usertype=economy, User=RetrixAlpha, Username=retrixsingh02@gmail.com, Password=UmV0cml4MTIzIw}]]>
              </value>
            </param>
          </params>
          <reporter-output>
          </reporter-output>
        </test-method> <!-- credentialsValidation -->
        <test-method status="PASS" signature="killBrowser()[pri:0, instance:framework.basic.automation.CredentialsTest@17bffc17]" name="killBrowser" is-config="true" duration-ms="560" started-at="2021-08-11T15:40:25 IST" finished-at="2021-08-11T15:40:26 IST">
          <reporter-output>
          </reporter-output>
        </test-method> <!-- killBrowser -->
      </class> <!-- framework.basic.automation.CredentialsTest -->
    </test> <!-- Credential test -->
  </suite> <!-- Suite -->
  <suite name="Failed suite [Suite]" duration-ms="14236" started-at="2021-08-11T15:40:26 IST" finished-at="2021-08-11T15:40:40 IST">
    <groups>
    </groups>
    <test name="Home page information test(failed)" duration-ms="14236" started-at="2021-08-11T15:40:26 IST" finished-at="2021-08-11T15:40:40 IST">
      <class name="framework.basic.automation.HomePageInfoTest">
        <test-method status="PASS" signature="openApplication()[pri:0, instance:framework.basic.automation.HomePageInfoTest@d23e042]" name="openApplication" is-config="true" duration-ms="5416" started-at="2021-08-11T15:40:26 IST" finished-at="2021-08-11T15:40:31 IST">
          <reporter-output>
          </reporter-output>
        </test-method> <!-- openApplication -->
        <test-method status="PASS" signature="loginToApplication(java.util.Map)[pri:0, instance:framework.basic.automation.HomePageInfoTest@d23e042]" name="loginToApplication" duration-ms="7235" started-at="2021-08-11T15:40:31 IST" data-provider="userInfo" finished-at="2021-08-11T15:40:39 IST">
          <params>
            <param index="0">
              <value>
                <![CDATA[{Usertype=premium, User=Retrix, Username=retrixsingh01@gmail.com, Password=UmV0cml4MTIzIw}]]>
              </value>
            </param>
          </params>
          <reporter-output>
          </reporter-output>
        </test-method> <!-- loginToApplication -->
        <test-method status="PASS" signature="validateUserName(java.util.Map)[pri:0, instance:framework.basic.automation.HomePageInfoTest@d23e042]" name="validateUserName" duration-ms="68" started-at="2021-08-11T15:40:39 IST" data-provider="userInfo" depends-on-methods="framework.basic.automation.HomePageInfoTest.loginToApplication" finished-at="2021-08-11T15:40:39 IST">
          <params>
            <param index="0">
              <value>
                <![CDATA[{Usertype=premium, User=Retrix, Username=retrixsingh01@gmail.com, Password=UmV0cml4MTIzIw}]]>
              </value>
            </param>
          </params>
          <reporter-output>
          </reporter-output>
        </test-method> <!-- validateUserName -->
        <test-method status="FAIL" signature="noRacism()[pri:0, instance:framework.basic.automation.HomePageInfoTest@d23e042]" name="noRacism" duration-ms="129" started-at="2021-08-11T15:40:39 IST" depends-on-methods="framework.basic.automation.HomePageInfoTest.validateUserName" finished-at="2021-08-11T15:40:39 IST">
          <exception class="java.lang.AssertionError">
            <message>
              <![CDATA[expected [true] but found [false]]]>
            </message>
            <full-stacktrace>
              <![CDATA[java.lang.AssertionError: expected [true] but found [false]
at org.testng.Assert.fail(Assert.java:99)
at org.testng.Assert.failNotEquals(Assert.java:1037)
at org.testng.Assert.assertTrue(Assert.java:45)
at org.testng.Assert.assertTrue(Assert.java:55)
at framework.basic.automation.HomePageInfoTest.noRacism(HomePageInfoTest.java:71)
at sun.reflect.NativeMethodAccessorImpl.invoke0(Native Method)
at sun.reflect.NativeMethodAccessorImpl.invoke(NativeMethodAccessorImpl.java:62)
at sun.reflect.DelegatingMethodAccessorImpl.invoke(DelegatingMethodAccessorImpl.java:43)
at java.lang.reflect.Method.invoke(Method.java:498)
at org.testng.internal.MethodInvocationHelper.invokeMethod(MethodInvocationHelper.java:133)
at org.testng.internal.TestInvoker.invokeMethod(TestInvoker.java:598)
at org.testng.internal.TestInvoker.invokeTestMethod(TestInvoker.java:173)
at org.testng.internal.MethodRunner.runInSequence(MethodRunner.java:46)
at org.testng.internal.TestInvoker$MethodInvocationAgent.invoke(TestInvoker.java:824)
at org.testng.internal.TestInvoker.invokeTestMethods(TestInvoker.java:146)
at org.testng.internal.TestMethodWorker.invokeTestMethods(TestMethodWorker.java:146)
at org.testng.internal.TestMethodWorker.run(TestMethodWorker.java:128)
at java.util.ArrayList.forEach(ArrayList.java:1259)
at org.testng.TestRunner.privateRun(TestRunner.java:794)
at org.testng.TestRunner.run(TestRunner.java:596)
at org.testng.SuiteRunner.runTest(SuiteRunner.java:377)
at org.testng.SuiteRunner.access$000(SuiteRunner.java:28)
at org.testng.SuiteRunner$SuiteWorker.run(SuiteRunner.java:418)
at org.testng.internal.thread.ThreadUtil.lambda$execute$0(ThreadUtil.java:64)
at java.util.concurrent.FutureTask.run(FutureTask.java:266)
at java.util.concurrent.ThreadPoolExecutor.runWorker(ThreadPoolExecutor.java:1149)
at java.util.concurrent.ThreadPoolExecutor$Worker.run(ThreadPoolExecutor.java:624)
at java.lang.Thread.run(Thread.java:748)
]]>
            </full-stacktrace>
          </exception> <!-- java.lang.AssertionError -->
          <reporter-output>
          </reporter-output>
        </test-method> <!-- noRacism -->
        <test-method status="PASS" signature="killBrowser()[pri:0, instance:framework.basic.automation.HomePageInfoTest@d23e042]" name="killBrowser" is-config="true" duration-ms="594" started-at="2021-08-11T15:40:40 IST" finished-at="2021-08-11T15:40:40 IST">
          <reporter-output>
          </reporter-output>
        </test-method> <!-- killBrowser -->
      </class> <!-- framework.basic.automation.HomePageInfoTest -->
    </test> <!-- Home page information test(failed) -->
  </suite> <!-- Failed suite [Suite] -->
</testng-results>
