<?xml version="1.0" encoding="UTF-8"?>
<testng-results skipped="0" failed="1" ignored="0" total="5" passed="4">
  <reporter-output>
  </reporter-output>
  <suite name="Suite" duration-ms="39881" started-at="2021-07-04T15:32:54 IST" finished-at="2021-07-04T15:33:34 IST">
    <groups>
    </groups>
    <test name="Home page information test" duration-ms="25768" started-at="2021-07-04T15:32:54 IST" finished-at="2021-07-04T15:33:20 IST">
      <class name="framework.basic.automation.HomePageInfoTest">
        <test-method status="PASS" signature="openApplication()[pri:0, instance:framework.basic.automation.HomePageInfoTest@5d908d47]" name="openApplication" is-config="true" duration-ms="12132" started-at="2021-07-04T15:32:54 IST" finished-at="2021-07-04T15:33:06 IST">
          <reporter-output>
          </reporter-output>
        </test-method> <!-- openApplication -->
        <test-method status="PASS" signature="loginToApplication(java.util.Map)[pri:0, instance:framework.basic.automation.HomePageInfoTest@5d908d47]" name="loginToApplication" duration-ms="11440" started-at="2021-07-04T15:33:07 IST" data-provider="userInfo" finished-at="2021-07-04T15:33:18 IST">
          <params>
            <param index="0">
              <value>
                <![CDATA[{Usertype=premium, User=Ramdeep, Username=ramdeepmansa@gmail.com, Password=Real123#}]]>
              </value>
            </param>
          </params>
          <reporter-output>
          </reporter-output>
        </test-method> <!-- loginToApplication -->
        <test-method status="PASS" signature="validateUserName(java.util.Map)[pri:0, instance:framework.basic.automation.HomePageInfoTest@5d908d47]" name="validateUserName" duration-ms="83" started-at="2021-07-04T15:33:18 IST" data-provider="userInfo" depends-on-methods="framework.basic.automation.HomePageInfoTest.loginToApplication" finished-at="2021-07-04T15:33:18 IST">
          <params>
            <param index="0">
              <value>
                <![CDATA[{Usertype=premium, User=Ramdeep, Username=ramdeepmansa@gmail.com, Password=Real123#}]]>
              </value>
            </param>
          </params>
          <reporter-output>
          </reporter-output>
        </test-method> <!-- validateUserName -->
        <test-method status="FAIL" signature="noRacism()[pri:0, instance:framework.basic.automation.HomePageInfoTest@5d908d47]" name="noRacism" duration-ms="145" started-at="2021-07-04T15:33:18 IST" depends-on-methods="framework.basic.automation.HomePageInfoTest.validateUserName" finished-at="2021-07-04T15:33:18 IST">
          <exception class="java.lang.AssertionError">
            <message>
              <![CDATA[expected [true] but found [false]]]>
            </message>
            <full-stacktrace>
              <![CDATA[java.lang.AssertionError: expected [true] but found [false]
at org.testng.Assert.fail(Assert.java:99)
at org.testng.Assert.failNotEquals(Assert.java:1037)
at org.testng.Assert.assertTrue(Assert.java:45)
at org.testng.Assert.assertTrue(Assert.java:55)
at framework.basic.automation.HomePageInfoTest.noRacism(HomePageInfoTest.java:70)
at sun.reflect.NativeMethodAccessorImpl.invoke0(Native Method)
at sun.reflect.NativeMethodAccessorImpl.invoke(NativeMethodAccessorImpl.java:62)
at sun.reflect.DelegatingMethodAccessorImpl.invoke(DelegatingMethodAccessorImpl.java:43)
at java.lang.reflect.Method.invoke(Method.java:498)
at org.testng.internal.MethodInvocationHelper.invokeMethod(MethodInvocationHelper.java:132)
at org.testng.internal.TestInvoker.invokeMethod(TestInvoker.java:599)
at org.testng.internal.TestInvoker.invokeTestMethod(TestInvoker.java:174)
at org.testng.internal.MethodRunner.runInSequence(MethodRunner.java:46)
at org.testng.internal.TestInvoker$MethodInvocationAgent.invoke(TestInvoker.java:822)
at org.testng.internal.TestInvoker.invokeTestMethods(TestInvoker.java:147)
at org.testng.internal.TestMethodWorker.invokeTestMethods(TestMethodWorker.java:146)
at org.testng.internal.TestMethodWorker.run(TestMethodWorker.java:128)
at java.util.ArrayList.forEach(ArrayList.java:1259)
at org.testng.TestRunner.privateRun(TestRunner.java:764)
at org.testng.TestRunner.run(TestRunner.java:585)
at org.testng.SuiteRunner.runTest(SuiteRunner.java:384)
at org.testng.SuiteRunner.access$000(SuiteRunner.java:28)
at org.testng.SuiteRunner$SuiteWorker.run(SuiteRunner.java:425)
at org.testng.internal.thread.ThreadUtil.lambda$execute$0(ThreadUtil.java:66)
at java.util.concurrent.FutureTask.run(FutureTask.java:266)
at java.util.concurrent.ThreadPoolExecutor.runWorker(ThreadPoolExecutor.java:1149)
at java.util.concurrent.ThreadPoolExecutor$Worker.run(ThreadPoolExecutor.java:624)
at java.lang.Thread.run(Thread.java:748)
]]>
            </full-stacktrace>
          </exception> <!-- java.lang.AssertionError -->
          <reporter-output>
          </reporter-output>
        </test-method> <!-- noRacism -->
        <test-method status="PASS" signature="killBrowser()[pri:0, instance:framework.basic.automation.HomePageInfoTest@5d908d47]" name="killBrowser" is-config="true" duration-ms="988" started-at="2021-07-04T15:33:19 IST" finished-at="2021-07-04T15:33:20 IST">
          <reporter-output>
          </reporter-output>
        </test-method> <!-- killBrowser -->
      </class> <!-- framework.basic.automation.HomePageInfoTest -->
    </test> <!-- Home page information test -->
    <test name="Credential test" duration-ms="39881" started-at="2021-07-04T15:32:54 IST" finished-at="2021-07-04T15:33:34 IST">
      <class name="framework.basic.automation.CredentialsTest">
        <test-method status="PASS" signature="openApplication()[pri:0, instance:framework.basic.automation.CredentialsTest@5276d6ee]" name="openApplication" is-config="true" duration-ms="11767" started-at="2021-07-04T15:32:55 IST" finished-at="2021-07-04T15:33:07 IST">
          <reporter-output>
          </reporter-output>
        </test-method> <!-- openApplication -->
        <test-method status="PASS" signature="credentialsValidation(java.util.Map)[pri:0, instance:framework.basic.automation.CredentialsTest@5276d6ee]" name="credentialsValidation" duration-ms="10285" started-at="2021-07-04T15:33:07 IST" data-provider="userCredentials" finished-at="2021-07-04T15:33:17 IST">
          <params>
            <param index="0">
              <value>
                <![CDATA[{Usertype=premium, User=Ramdeep, Username=ramdeepmansa@gmail.com, Password=Real123#}]]>
              </value>
            </param>
          </params>
          <reporter-output>
          </reporter-output>
        </test-method> <!-- credentialsValidation -->
        <test-method status="PASS" signature="killBrowser()[pri:0, instance:framework.basic.automation.CredentialsTest@5276d6ee]" name="killBrowser" is-config="true" duration-ms="1736" started-at="2021-07-04T15:33:17 IST" finished-at="2021-07-04T15:33:19 IST">
          <reporter-output>
          </reporter-output>
        </test-method> <!-- killBrowser -->
        <test-method status="PASS" signature="openApplication()[pri:0, instance:framework.basic.automation.CredentialsTest@5276d6ee]" name="openApplication" is-config="true" duration-ms="6234" started-at="2021-07-04T15:33:19 IST" finished-at="2021-07-04T15:33:25 IST">
          <reporter-output>
          </reporter-output>
        </test-method> <!-- openApplication -->
        <test-method status="PASS" signature="credentialsValidation(java.util.Map)[pri:0, instance:framework.basic.automation.CredentialsTest@5276d6ee]" name="credentialsValidation" duration-ms="8286" started-at="2021-07-04T15:33:25 IST" data-provider="userCredentials" finished-at="2021-07-04T15:33:33 IST">
          <params>
            <param index="0">
              <value>
                <![CDATA[{Usertype=economy, User=Rami, Username=manshaia2311@gmail.com, Password=Real123#}]]>
              </value>
            </param>
          </params>
          <reporter-output>
          </reporter-output>
        </test-method> <!-- credentialsValidation -->
        <test-method status="PASS" signature="killBrowser()[pri:0, instance:framework.basic.automation.CredentialsTest@5276d6ee]" name="killBrowser" is-config="true" duration-ms="844" started-at="2021-07-04T15:33:33 IST" finished-at="2021-07-04T15:33:34 IST">
          <reporter-output>
          </reporter-output>
        </test-method> <!-- killBrowser -->
      </class> <!-- framework.basic.automation.CredentialsTest -->
    </test> <!-- Credential test -->
  </suite> <!-- Suite -->
</testng-results>
